<?xml version="1.0" encoding="UTF-8" ?>
<testsuite errors="0" failures="0" hostname="beta" name="com.kungfuactiongrip.test.IOTest" skipped="0" tests="4" time="0.078" timestamp="2014-06-17T17:40:57">
  <properties>
[...]
</properties>
  <testcase classname="com.kungfuactiongrip.test.IOTest" name="CanCreateBotIOObject_ExpectValidObject" time="0.0" />
  <testcase classname="com.kungfuactiongrip.test.IOTest" name="CanFetchOpenBuyOrders_ExpectNoErrorOrOrders" time="0.0" />
  <testcase classname="com.kungfuactiongrip.test.IOTest" name="CanFetchOpenSellOrders_ExpectNoErrorOrOrders" time="0.0" />
  <testcase classname="com.kungfuactiongrip.test.IOTest" name="CanCreateBotIOObject_WithPropertiesFile_ExpectPropertiesConfigured" time="0.0" />
  <system-out><![CDATA[]]></system-out>
  <system-err><![CDATA[]]></system-err>
</testsuite>
